<?xml version="1.0" encoding="UTF-8"?>
<testsuite xmlns:xsi="http://www.w3.org/2001/XMLSchema-instance" xsi:noNamespaceSchemaLocation="https://maven.apache.org/surefire/maven-surefire-plugin/xsd/surefire-test-report-3.0.xsd" version="3.0" name="com.example.travelmanagemant.TravelmanagementApplicationTests" time="4.829" tests="1" errors="0" skipped="0" failures="0">
  <properties>
[...]
</properties>
  <testcase name="contextLoads" classname="com.example.travelmanagemant.TravelmanagementApplicationTests" time="0.708">
    <system-out><![CDATA[17:14:54.390 [main] INFO org.springframework.test.context.support.AnnotationConfigContextLoaderUtils -- Could not detect default configuration classes for test class [com.example.travelmanagemant.TravelmanagementApplicationTests]: TravelmanagementApplicationTests does not declare any static, non-private, non-final, nested classes annotated with @Configuration.
17:14:54.478 [main] INFO org.springframework.boot.test.context.SpringBootTestContextBootstrapper -- Found @SpringBootConfiguration com.example.travelmanagemant.TravelmanagementApplication for test class com.example.travelmanagemant.TravelmanagementApplicationTests

  .   ____          _            __ _ _
 /\\ / ___'_ __ _ _(_)_ __  __ _ \ \ \ \
( ( )\___ | '_ | '_| | '_ \/ _` | \ \ \ \
 \\/  ___)| |_)| | | | | || (_| |  ) ) ) )
  '  |____| .__|_| |_|_| |_\__, | / / / /
 =========|_|==============|___/=/_/_/_/
 :: Spring Boot ::                (v3.1.4)

2023-10-10T17:14:54.914+05:30  INFO 3960 --- [           main] c.e.t.TravelmanagementApplicationTests   : Starting TravelmanagementApplicationTests using Java 17.0.7 with PID 3960 (started by Vadde.Hanumanthu in C:\Users\Vadde.Hanumanthu\Downloads\travelmanagment)
2023-10-10T17:14:54.918+05:30  INFO 3960 --- [           main] c.e.t.TravelmanagementApplicationTests   : No active profile set, falling back to 1 default profile: "default"
2023-10-10T17:14:55.663+05:30  INFO 3960 --- [           main] .s.d.r.c.RepositoryConfigurationDelegate : Bootstrapping Spring Data JPA repositories in DEFAULT mode.
2023-10-10T17:14:55.693+05:30  INFO 3960 --- [           main] .s.d.r.c.RepositoryConfigurationDelegate : Finished Spring Data repository scanning in 18 ms. Found 0 JPA repository interfaces.
2023-10-10T17:14:56.222+05:30  INFO 3960 --- [           main] o.hibernate.jpa.internal.util.LogHelper  : HHH000204: Processing PersistenceUnitInfo [name: default]
2023-10-10T17:14:56.285+05:30  INFO 3960 --- [           main] org.hibernate.Version                    : HHH000412: Hibernate ORM core version 6.2.9.Final
2023-10-10T17:14:56.287+05:30  INFO 3960 --- [           main] org.hibernate.cfg.Environment            : HHH000406: Using bytecode reflection optimizer
2023-10-10T17:14:56.482+05:30  INFO 3960 --- [           main] o.h.b.i.BytecodeProviderInitiator        : HHH000021: Bytecode provider name : bytebuddy
2023-10-10T17:14:56.610+05:30  INFO 3960 --- [           main] o.s.o.j.p.SpringPersistenceUnitInfo      : No LoadTimeWeaver setup: ignoring JPA class transformer
2023-10-10T17:14:56.627+05:30  INFO 3960 --- [           main] com.zaxxer.hikari.HikariDataSource       : HikariPool-1 - Starting...
2023-10-10T17:14:56.945+05:30  INFO 3960 --- [           main] com.zaxxer.hikari.pool.HikariPool        : HikariPool-1 - Added connection com.mysql.cj.jdbc.ConnectionImpl@3c07e830
2023-10-10T17:14:56.947+05:30  INFO 3960 --- [           main] com.zaxxer.hikari.HikariDataSource       : HikariPool-1 - Start completed.
2023-10-10T17:14:57.155+05:30  INFO 3960 --- [           main] o.h.b.i.BytecodeProviderInitiator        : HHH000021: Bytecode provider name : bytebuddy
2023-10-10T17:14:57.454+05:30  INFO 3960 --- [           main] o.h.e.t.j.p.i.JtaPlatformInitiator       : HHH000490: Using JtaPlatform implementation: [org.hibernate.engine.transaction.jta.platform.internal.NoJtaPlatform]
2023-10-10T17:14:57.459+05:30  INFO 3960 --- [           main] j.LocalContainerEntityManagerFactoryBean : Initialized JPA EntityManagerFactory for persistence unit 'default'
2023-10-10T17:14:57.636+05:30  WARN 3960 --- [           main] JpaBaseConfiguration$JpaWebConfiguration : spring.jpa.open-in-view is enabled by default. Therefore, database queries may be performed during view rendering. Explicitly configure spring.jpa.open-in-view to disable this warning
2023-10-10T17:14:57.983+05:30  WARN 3960 --- [           main] ion$DefaultTemplateResolverConfiguration : Cannot find template location: classpath:/templates/ (please add some templates, check your Thymeleaf configuration, or set spring.thymeleaf.check-template-location=false)
2023-10-10T17:14:58.126+05:30  WARN 3960 --- [           main] .s.s.UserDetailsServiceAutoConfiguration : 

Using generated security password: 21ce83f8-2795-4bb8-9b43-dd740cd263cf

This generated password is for development use only. Your security configuration must be updated before running your application in production.

2023-10-10T17:14:58.252+05:30  INFO 3960 --- [           main] o.s.s.web.DefaultSecurityFilterChain     : Will secure any request with [org.springframework.security.web.session.DisableEncodeUrlFilter@480994d3, org.springframework.security.web.context.request.async.WebAsyncManagerIntegrationFilter@7146c6ea, org.springframework.security.web.context.SecurityContextHolderFilter@1e14b269, org.springframework.security.web.header.HeaderWriterFilter@b1fa523, org.springframework.security.web.csrf.CsrfFilter@12765ebd, org.springframework.security.web.authentication.logout.LogoutFilter@6296e4bf, org.springframework.security.web.authentication.UsernamePasswordAuthenticationFilter@550f522b, org.springframework.security.web.authentication.ui.DefaultLoginPageGeneratingFilter@447543ee, org.springframework.security.web.authentication.ui.DefaultLogoutPageGeneratingFilter@a5d23c9, org.springframework.security.web.authentication.www.BasicAuthenticationFilter@49de1505, org.springframework.security.web.savedrequest.RequestCacheAwareFilter@1cca2e9d, org.springframework.security.web.servletapi.SecurityContextHolderAwareRequestFilter@4850d66b, org.springframework.security.web.authentication.AnonymousAuthenticationFilter@795131d6, org.springframework.security.web.access.ExceptionTranslationFilter@6d0a4a22, org.springframework.security.web.access.intercept.AuthorizationFilter@71d78cac]
2023-10-10T17:14:58.305+05:30  INFO 3960 --- [           main] c.e.t.TravelmanagementApplicationTests   : Started TravelmanagementApplicationTests in 3.679 seconds (process running for 4.618)
]]></system-out>
  </testcase>
</testsuite>